2025-02-21 16:06:57,498 - INFO - 程序启动时间: 2025-02-21 16:06:57.498432
2025-02-21 16:10:17,417 - INFO - 程序启动时间: 2025-02-21 16:10:17.417491
2025-02-21 16:10:21,970 - INFO - 目标网址: https://item.taobao.com/item.htm?id=844768098145&pisk=gjirh62703KrsqDZGcqFubDZPME86kR1aDNQKvD3F7VlVg1nuAhUNpL8VqPEijPoTvp8KWcnTWgWlhM-ekEH1w-6fYp4GnhtayVunp2gKavbrCpIDdqH1CtUjEFyAkc5sWXOnZ2Ti82hxWv4mRwlrk43Exv4KJ1l-gcH3xVYUMfuZz40mReTx6V3tsb0eJXltzVhmKyLiJq3xX4mLnNuMnyarpuv9QPchoUzsYVVbxn4ETVwXSjn9m2uzcM7gxMj08zz_rOjjNnoGvmS2rdNskHj7Xun9F_Y4v0uqRMJ4iriEqiUhD9C87c-0xm0uOs_Y4cr-P32XNUu87umqrWhxxEErP0EaQ78Z4G4W-4cLhej1SD-qqJdiYc_au20lhvZny0j2PnWigriWYZS-XL1kuknroSz16eDU6iKz6bUr-e41KJ2U-XiapQkf7_dJzQT359RewQLr-e41KJVJwUJX-P6eTC..&pvid=b6c3cb89-3b84-4d5b-bfe1-92f19063a2de&scm=1007.40986.420852.0&skuId=5790995594796&spm=a21bo.jianhua%2Fa.201876.d1.5af92a89P2y5mZ&utparam=%7B%22aplus_abtest%22%3A%22451cf5a2c740d3dc97a727dc1bd45bf7%22%7D&xxc=home_recommend
2025-02-21 16:10:23,075 - INFO - 正在打开淘宝登录页面...
2025-02-21 16:10:27,504 - INFO - 等待手动登录...
2025-02-21 16:10:47,532 - ERROR - 运行过程中出现错误: 登录失败或超时
2025-02-21 16:11:12,177 - INFO - 程序启动时间: 2025-02-21 16:11:12.176938
2025-02-21 16:11:21,095 - INFO - 目标网址: https://item.taobao.com/item.htm?id=844768098145&pisk=gjirh62703KrsqDZGcqFubDZPME86kR1aDNQKvD3F7VlVg1nuAhUNpL8VqPEijPoTvp8KWcnTWgWlhM-ekEH1w-6fYp4GnhtayVunp2gKavbrCpIDdqH1CtUjEFyAkc5sWXOnZ2Ti82hxWv4mRwlrk43Exv4KJ1l-gcH3xVYUMfuZz40mReTx6V3tsb0eJXltzVhmKyLiJq3xX4mLnNuMnyarpuv9QPchoUzsYVVbxn4ETVwXSjn9m2uzcM7gxMj08zz_rOjjNnoGvmS2rdNskHj7Xun9F_Y4v0uqRMJ4iriEqiUhD9C87c-0xm0uOs_Y4cr-P32XNUu87umqrWhxxEErP0EaQ78Z4G4W-4cLhej1SD-qqJdiYc_au20lhvZny0j2PnWigriWYZS-XL1kuknroSz16eDU6iKz6bUr-e41KJ2U-XiapQkf7_dJzQT359RewQLr-e41KJVJwUJX-P6eTC..&pvid=b6c3cb89-3b84-4d5b-bfe1-92f19063a2de&scm=1007.40986.420852.0&skuId=5790995594796&spm=a21bo.jianhua%2Fa.201876.d1.5af92a89P2y5mZ&utparam=%7B%22aplus_abtest%22%3A%22451cf5a2c740d3dc97a727dc1bd45bf7%22%7D&xxc=home_recommend
2025-02-21 16:11:21,873 - INFO - 正在打开淘宝登录页面...
2025-02-21 16:11:26,478 - INFO - 等待手动登录...
2025-02-21 16:11:46,505 - INFO - 登录成功，正在跳转商品页面...
2025-02-21 16:12:16,523 - ERROR - 运行过程中出现错误: Timeout 30000ms exceeded.
2025-02-21 16:15:36,038 - INFO - 程序启动时间: 2025-02-21 16:15:36.038251
2025-02-21 16:15:54,132 - INFO - 目标网址: https://item.taobao.com/item.htm?id=844768098145&pisk=gjirh62703KrsqDZGcqFubDZPME86kR1aDNQKvD3F7VlVg1nuAhUNpL8VqPEijPoTvp8KWcnTWgWlhM-ekEH1w-6fYp4GnhtayVunp2gKavbrCpIDdqH1CtUjEFyAkc5sWXOnZ2Ti82hxWv4mRwlrk43Exv4KJ1l-gcH3xVYUMfuZz40mReTx6V3tsb0eJXltzVhmKyLiJq3xX4mLnNuMnyarpuv9QPchoUzsYVVbxn4ETVwXSjn9m2uzcM7gxMj08zz_rOjjNnoGvmS2rdNskHj7Xun9F_Y4v0uqRMJ4iriEqiUhD9C87c-0xm0uOs_Y4cr-P32XNUu87umqrWhxxEErP0EaQ78Z4G4W-4cLhej1SD-qqJdiYc_au20lhvZny0j2PnWigriWYZS-XL1kuknroSz16eDU6iKz6bUr-e41KJ2U-XiapQkf7_dJzQT359RewQLr-e41KJVJwUJX-P6eTC..&pvid=b6c3cb89-3b84-4d5b-bfe1-92f19063a2de&scm=1007.40986.420852.0&skuId=5790995594796&spm=a21bo.jianhua%2Fa.201876.d1.5af92a89P2y5mZ&utparam=%7B%22aplus_abtest%22%3A%22451cf5a2c740d3dc97a727dc1bd45bf7%22%7D&xxc=home_recommend
2025-02-21 16:15:54,935 - INFO - 正在打开淘宝登录页面...
2025-02-21 16:15:59,705 - INFO - 等待手动登录...
2025-02-21 16:16:19,742 - INFO - 登录成功，正在跳转商品页面...
2025-02-21 16:16:50,963 - WARNING - 网络状态等待超时
2025-02-21 16:16:50,964 - WARNING - 页面加载重试 1/3
2025-02-21 16:17:25,221 - WARNING - 网络状态等待超时
2025-02-21 16:17:25,221 - WARNING - 页面加载重试 2/3
2025-02-21 16:17:34,273 - ERROR - Future exception was never retrieved
future: <Future finished exception=TargetClosedError('Target page, context or browser has been closed')>
playwright._impl._errors.TargetClosedError: Target page, context or browser has been closed
2025-02-21 16:19:23,596 - INFO - 程序启动时间: 2025-02-21 16:19:23.596587
2025-02-21 16:19:38,985 - INFO - 目标网址: https://item.taobao.com/item.htm?id=844768098145&pisk=gjirh62703KrsqDZGcqFubDZPME86kR1aDNQKvD3F7VlVg1nuAhUNpL8VqPEijPoTvp8KWcnTWgWlhM-ekEH1w-6fYp4GnhtayVunp2gKavbrCpIDdqH1CtUjEFyAkc5sWXOnZ2Ti82hxWv4mRwlrk43Exv4KJ1l-gcH3xVYUMfuZz40mReTx6V3tsb0eJXltzVhmKyLiJq3xX4mLnNuMnyarpuv9QPchoUzsYVVbxn4ETVwXSjn9m2uzcM7gxMj08zz_rOjjNnoGvmS2rdNskHj7Xun9F_Y4v0uqRMJ4iriEqiUhD9C87c-0xm0uOs_Y4cr-P32XNUu87umqrWhxxEErP0EaQ78Z4G4W-4cLhej1SD-qqJdiYc_au20lhvZny0j2PnWigriWYZS-XL1kuknroSz16eDU6iKz6bUr-e41KJ2U-XiapQkf7_dJzQT359RewQLr-e41KJVJwUJX-P6eTC..&pvid=b6c3cb89-3b84-4d5b-bfe1-92f19063a2de&scm=1007.40986.420852.0&skuId=5790995594796&spm=a21bo.jianhua%2Fa.201876.d1.5af92a89P2y5mZ&utparam=%7B%22aplus_abtest%22%3A%22451cf5a2c740d3dc97a727dc1bd45bf7%22%7D&xxc=home_recommend
2025-02-21 16:19:39,765 - INFO - 正在打开淘宝登录页面...
2025-02-21 16:19:44,412 - INFO - 等待手动登录...
2025-02-21 16:20:04,440 - INFO - 登录成功，正在跳转商品页面...
2025-02-21 16:20:35,442 - WARNING - 网络状态等待超时，继续执行
2025-02-21 16:20:35,442 - INFO - 开始监控购买按钮...
2025-02-21 16:21:03,415 - ERROR - 运行过程中出现错误: Target page, context or browser has been closed
2025-02-21 16:28:20,265 - INFO - 程序启动时间: 2025-02-21 16:28:20.265298
2025-02-21 16:28:24,816 - INFO - 目标网址: https://item.taobao.com/item.htm?id=844768098145&pisk=gjirh62703KrsqDZGcqFubDZPME86kR1aDNQKvD3F7VlVg1nuAhUNpL8VqPEijPoTvp8KWcnTWgWlhM-ekEH1w-6fYp4GnhtayVunp2gKavbrCpIDdqH1CtUjEFyAkc5sWXOnZ2Ti82hxWv4mRwlrk43Exv4KJ1l-gcH3xVYUMfuZz40mReTx6V3tsb0eJXltzVhmKyLiJq3xX4mLnNuMnyarpuv9QPchoUzsYVVbxn4ETVwXSjn9m2uzcM7gxMj08zz_rOjjNnoGvmS2rdNskHj7Xun9F_Y4v0uqRMJ4iriEqiUhD9C87c-0xm0uOs_Y4cr-P32XNUu87umqrWhxxEErP0EaQ78Z4G4W-4cLhej1SD-qqJdiYc_au20lhvZny0j2PnWigriWYZS-XL1kuknroSz16eDU6iKz6bUr-e41KJ2U-XiapQkf7_dJzQT359RewQLr-e41KJVJwUJX-P6eTC..&pvid=b6c3cb89-3b84-4d5b-bfe1-92f19063a2de&scm=1007.40986.420852.0&skuId=5790995594796&spm=a21bo.jianhua%2Fa.201876.d1.5af92a89P2y5mZ&utparam=%7B%22aplus_abtest%22%3A%22451cf5a2c740d3dc97a727dc1bd45bf7%22%7D&xxc=home_recommend
2025-02-21 16:28:25,626 - INFO - 正在打开淘宝登录页面...
2025-02-21 16:28:30,049 - INFO - 等待手动登录...
2025-02-21 16:28:50,078 - INFO - 登录成功，正在跳转商品页面...
2025-02-21 16:29:20,979 - WARNING - 网络状态等待超时，继续执行
2025-02-21 16:29:20,980 - INFO - 开始监控购买按钮...
2025-02-21 16:29:26,844 - INFO - 页面刷新
2025-02-21 16:29:30,902 - INFO - 页面刷新
2025-02-21 16:29:34,993 - INFO - 页面刷新
2025-02-21 16:29:40,213 - INFO - 页面刷新
2025-02-21 16:29:44,449 - INFO - 页面刷新
2025-02-21 16:29:49,750 - INFO - 页面刷新
2025-02-21 16:29:55,435 - INFO - 页面刷新
2025-02-21 16:30:01,184 - INFO - 页面刷新
2025-02-21 16:30:06,536 - ERROR - Future exception was never retrieved
future: <Future finished exception=TargetClosedError('Target page, context or browser has been closed')>
playwright._impl._errors.TargetClosedError: Target page, context or browser has been closed
2025-02-21 16:32:27,315 - INFO - 程序启动时间: 2025-02-21 16:32:27.314550
2025-02-21 16:33:04,442 - INFO - 目标网址: https://item.taobao.com/item.htm?id=844768098145&pisk=gjirh62703KrsqDZGcqFubDZPME86kR1aDNQKvD3F7VlVg1nuAhUNpL8VqPEijPoTvp8KWcnTWgWlhM-ekEH1w-6fYp4GnhtayVunp2gKavbrCpIDdqH1CtUjEFyAkc5sWXOnZ2Ti82hxWv4mRwlrk43Exv4KJ1l-gcH3xVYUMfuZz40mReTx6V3tsb0eJXltzVhmKyLiJq3xX4mLnNuMnyarpuv9QPchoUzsYVVbxn4ETVwXSjn9m2uzcM7gxMj08zz_rOjjNnoGvmS2rdNskHj7Xun9F_Y4v0uqRMJ4iriEqiUhD9C87c-0xm0uOs_Y4cr-P32XNUu87umqrWhxxEErP0EaQ78Z4G4W-4cLhej1SD-qqJdiYc_au20lhvZny0j2PnWigriWYZS-XL1kuknroSz16eDU6iKz6bUr-e41KJ2U-XiapQkf7_dJzQT359RewQLr-e41KJVJwUJX-P6eTC..&pvid=b6c3cb89-3b84-4d5b-bfe1-92f19063a2de&scm=1007.40986.420852.0&skuId=5790995594796&spm=a21bo.jianhua%2Fa.201876.d1.5af92a89P2y5mZ&utparam=%7B%22aplus_abtest%22%3A%22451cf5a2c740d3dc97a727dc1bd45bf7%22%7D&xxc=home_recommend
2025-02-21 16:33:05,285 - INFO - 正在打开淘宝登录页面...
2025-02-21 16:33:38,692 - WARNING - 网络状态等待超时，继续执行
2025-02-21 16:33:40,358 - INFO - 等待手动登录...
2025-02-21 16:34:00,393 - INFO - 登录成功，正在跳转商品页面...
2025-02-21 16:34:32,517 - WARNING - 网络状态等待超时，继续执行
2025-02-21 16:34:32,517 - INFO - 开始监控购买按钮...
2025-02-21 16:34:38,048 - INFO - 页面刷新
2025-02-21 16:34:43,743 - INFO - 页面刷新
2025-02-21 16:34:48,003 - INFO - 页面刷新
2025-02-21 16:34:51,928 - INFO - 页面刷新
2025-02-21 16:34:56,912 - INFO - 页面刷新
2025-02-21 16:35:02,793 - INFO - 页面刷新
2025-02-21 16:40:50,888 - INFO - 程序启动时间: 2025-02-21 16:40:50.888021
2025-02-21 16:40:54,746 - INFO - 目标网址: https://item.taobao.com/item.htm?id=844768098145&pisk=gjirh62703KrsqDZGcqFubDZPME86kR1aDNQKvD3F7VlVg1nuAhUNpL8VqPEijPoTvp8KWcnTWgWlhM-ekEH1w-6fYp4GnhtayVunp2gKavbrCpIDdqH1CtUjEFyAkc5sWXOnZ2Ti82hxWv4mRwlrk43Exv4KJ1l-gcH3xVYUMfuZz40mReTx6V3tsb0eJXltzVhmKyLiJq3xX4mLnNuMnyarpuv9QPchoUzsYVVbxn4ETVwXSjn9m2uzcM7gxMj08zz_rOjjNnoGvmS2rdNskHj7Xun9F_Y4v0uqRMJ4iriEqiUhD9C87c-0xm0uOs_Y4cr-P32XNUu87umqrWhxxEErP0EaQ78Z4G4W-4cLhej1SD-qqJdiYc_au20lhvZny0j2PnWigriWYZS-XL1kuknroSz16eDU6iKz6bUr-e41KJ2U-XiapQkf7_dJzQT359RewQLr-e41KJVJwUJX-P6eTC..&pvid=b6c3cb89-3b84-4d5b-bfe1-92f19063a2de&scm=1007.40986.420852.0&skuId=5790995594796&spm=a21bo.jianhua%2Fa.201876.d1.5af92a89P2y5mZ&utparam=%7B%22aplus_abtest%22%3A%22451cf5a2c740d3dc97a727dc1bd45bf7%22%7D&xxc=home_recommend
2025-02-21 16:40:55,539 - INFO - 正在打开淘宝登录页面...
2025-02-21 16:41:08,940 - WARNING - 网络状态等待超时，继续执行
2025-02-21 16:41:09,269 - INFO - 等待手动登录...
2025-02-21 16:41:29,304 - INFO - 登录成功，正在跳转商品页面...
2025-02-21 16:41:40,373 - WARNING - 网络状态等待超时，继续执行
2025-02-21 16:41:40,373 - INFO - 开始监控购买按钮...
2025-02-21 16:41:45,810 - INFO - 页面刷新
2025-02-21 16:41:49,201 - INFO - 页面刷新
2025-02-21 16:41:53,861 - INFO - 页面刷新
2025-02-21 16:41:58,029 - INFO - 页面刷新
2025-02-21 16:42:01,749 - ERROR - Future exception was never retrieved
future: <Future finished exception=TargetClosedError('Target page, context or browser has been closed')>
playwright._impl._errors.TargetClosedError: Target page, context or browser has been closed
2025-02-21 16:42:01,751 - ERROR - Future exception was never retrieved
future: <Future finished exception=TargetClosedError('Target page, context or browser has been closed')>
playwright._impl._errors.TargetClosedError: Target page, context or browser has been closed
2025-02-21 16:42:01,751 - ERROR - Future exception was never retrieved
future: <Future finished exception=TargetClosedError('Target page, context or browser has been closed')>
playwright._impl._errors.TargetClosedError: Target page, context or browser has been closed
2025-02-21 16:42:01,751 - ERROR - Future exception was never retrieved
future: <Future finished exception=TargetClosedError('Target page, context or browser has been closed')>
playwright._impl._errors.TargetClosedError: Target page, context or browser has been closed
2025-02-21 16:42:01,751 - ERROR - Future exception was never retrieved
future: <Future finished exception=TargetClosedError('Target page, context or browser has been closed')>
playwright._impl._errors.TargetClosedError: Target page, context or browser has been closed
2025-02-21 16:42:01,752 - ERROR - Future exception was never retrieved
future: <Future finished exception=TargetClosedError('Target page, context or browser has been closed')>
playwright._impl._errors.TargetClosedError: Target page, context or browser has been closed
2025-02-21 16:42:01,752 - ERROR - Future exception was never retrieved
future: <Future finished exception=TargetClosedError('Target page, context or browser has been closed')>
playwright._impl._errors.TargetClosedError: Target page, context or browser has been closed
2025-02-21 16:42:01,752 - ERROR - Future exception was never retrieved
future: <Future finished exception=TargetClosedError('Target page, context or browser has been closed')>
playwright._impl._errors.TargetClosedError: Target page, context or browser has been closed
2025-02-21 16:44:33,632 - INFO - 程序启动时间: 2025-02-21 16:44:33.632226
2025-02-21 16:44:48,009 - INFO - 目标网址: https://item.taobao.com/item.htm?id=844768098145&pisk=gjirh62703KrsqDZGcqFubDZPME86kR1aDNQKvD3F7VlVg1nuAhUNpL8VqPEijPoTvp8KWcnTWgWlhM-ekEH1w-6fYp4GnhtayVunp2gKavbrCpIDdqH1CtUjEFyAkc5sWXOnZ2Ti82hxWv4mRwlrk43Exv4KJ1l-gcH3xVYUMfuZz40mReTx6V3tsb0eJXltzVhmKyLiJq3xX4mLnNuMnyarpuv9QPchoUzsYVVbxn4ETVwXSjn9m2uzcM7gxMj08zz_rOjjNnoGvmS2rdNskHj7Xun9F_Y4v0uqRMJ4iriEqiUhD9C87c-0xm0uOs_Y4cr-P32XNUu87umqrWhxxEErP0EaQ78Z4G4W-4cLhej1SD-qqJdiYc_au20lhvZny0j2PnWigriWYZS-XL1kuknroSz16eDU6iKz6bUr-e41KJ2U-XiapQkf7_dJzQT359RewQLr-e41KJVJwUJX-P6eTC..&pvid=b6c3cb89-3b84-4d5b-bfe1-92f19063a2de&scm=1007.40986.420852.0&skuId=5790995594796&spm=a21bo.jianhua%2Fa.201876.d1.5af92a89P2y5mZ&utparam=%7B%22aplus_abtest%22%3A%22451cf5a2c740d3dc97a727dc1bd45bf7%22%7D&xxc=home_recommend
2025-02-21 16:44:48,826 - INFO - 正在打开淘宝登录页面...
2025-02-21 16:45:02,230 - WARNING - 网络状态等待超时，继续执行
2025-02-21 16:45:02,519 - INFO - 等待手动登录...
2025-02-21 16:45:22,560 - INFO - 登录成功，正在跳转商品页面...
2025-02-21 16:45:33,432 - WARNING - 网络状态等待超时，继续执行
2025-02-21 16:45:33,433 - INFO - 开始监控购买按钮...
2025-02-21 16:47:28,573 - ERROR - Future exception was never retrieved
future: <Future finished exception=TargetClosedError('Target page, context or browser has been closed')>
playwright._impl._errors.TargetClosedError: Target page, context or browser has been closed
2025-02-21 16:47:28,575 - ERROR - Future exception was never retrieved
future: <Future finished exception=TargetClosedError('Target page, context or browser has been closed')>
playwright._impl._errors.TargetClosedError: Target page, context or browser has been closed
2025-02-21 16:49:47,357 - INFO - 程序启动时间: 2025-02-21 16:49:47.357413
2025-02-21 16:49:58,905 - INFO - 目标网址: https://item.taobao.com/item.htm?id=844768098145&pisk=gjirh62703KrsqDZGcqFubDZPME86kR1aDNQKvD3F7VlVg1nuAhUNpL8VqPEijPoTvp8KWcnTWgWlhM-ekEH1w-6fYp4GnhtayVunp2gKavbrCpIDdqH1CtUjEFyAkc5sWXOnZ2Ti82hxWv4mRwlrk43Exv4KJ1l-gcH3xVYUMfuZz40mReTx6V3tsb0eJXltzVhmKyLiJq3xX4mLnNuMnyarpuv9QPchoUzsYVVbxn4ETVwXSjn9m2uzcM7gxMj08zz_rOjjNnoGvmS2rdNskHj7Xun9F_Y4v0uqRMJ4iriEqiUhD9C87c-0xm0uOs_Y4cr-P32XNUu87umqrWhxxEErP0EaQ78Z4G4W-4cLhej1SD-qqJdiYc_au20lhvZny0j2PnWigriWYZS-XL1kuknroSz16eDU6iKz6bUr-e41KJ2U-XiapQkf7_dJzQT359RewQLr-e41KJVJwUJX-P6eTC..&pvid=b6c3cb89-3b84-4d5b-bfe1-92f19063a2de&scm=1007.40986.420852.0&skuId=5790995594796&spm=a21bo.jianhua%2Fa.201876.d1.5af92a89P2y5mZ&utparam=%7B%22aplus_abtest%22%3A%22451cf5a2c740d3dc97a727dc1bd45bf7%22%7D&xxc=home_recommend
2025-02-21 16:49:59,763 - INFO - 正在打开淘宝登录页面...
2025-02-21 16:50:04,222 - INFO - 等待手动登录...
2025-02-21 16:50:24,259 - INFO - 登录成功，正在跳转商品页面...
2025-02-21 16:50:35,156 - WARNING - 网络状态等待超时，继续执行
2025-02-21 16:50:35,156 - INFO - 开始监控购买按钮...
2025-02-21 16:50:35,236 - INFO - 通过role找到购买按钮
2025-02-21 16:50:35,601 - INFO - 已点击购买按钮
2025-02-21 16:50:35,601 - INFO - 正在提交订单...
2025-02-21 16:50:35,615 - WARNING - 未找到提交订单按钮，重试中...
2025-02-21 16:50:35,628 - WARNING - 未找到提交订单按钮，重试中...
2025-02-21 16:50:35,713 - WARNING - 未找到提交订单按钮，重试中...
2025-02-21 16:50:36,049 - WARNING - 未找到提交订单按钮，重试中...
2025-02-21 16:50:36,068 - WARNING - 未找到提交订单按钮，重试中...
2025-02-21 16:50:36,081 - WARNING - 未找到提交订单按钮，重试中...
2025-02-21 16:50:36,094 - WARNING - 未找到提交订单按钮，重试中...
2025-02-21 16:50:36,105 - WARNING - 未找到提交订单按钮，重试中...
2025-02-21 16:50:36,118 - WARNING - 未找到提交订单按钮，重试中...
2025-02-21 16:50:36,130 - WARNING - 未找到提交订单按钮，重试中...
2025-02-21 16:50:36,143 - WARNING - 未找到提交订单按钮，重试中...
2025-02-21 16:50:36,160 - WARNING - 未找到提交订单按钮，重试中...
2025-02-21 16:50:36,177 - WARNING - 未找到提交订单按钮，重试中...
2025-02-21 16:50:36,213 - WARNING - 未找到提交订单按钮，重试中...
2025-02-21 16:50:36,455 - WARNING - 未找到提交订单按钮，重试中...
2025-02-21 16:50:36,516 - WARNING - 未找到提交订单按钮，重试中...
2025-02-21 16:50:36,577 - WARNING - 未找到提交订单按钮，重试中...
2025-02-21 16:50:36,756 - INFO - 通过文本找到提交订单按钮
2025-02-21 16:50:37,062 - INFO - 抢购成功，请尽快付款！
2025-02-21 16:52:23,146 - ERROR - Future exception was never retrieved
future: <Future finished exception=TargetClosedError('Target page, context or browser has been closed')>
playwright._impl._errors.TargetClosedError: Target page, context or browser has been closed
